2022-07-27 16:13:41 INFO  [main] CustomTestListener.handleCaseStarted:30 - [TEST STARTED]  test 
2022-07-27 16:13:43 INFO  [main] WebDriverManager.resolveDriverVersion:1197 - Using chromedriver 103.0.5060.134 (resolved driver for Chrome 103) 
2022-07-27 16:13:43 INFO  [main] WebDriverManager.exportDriver:1252 - Exporting webdriver.chrome.driver as C:\Users\avartic\.cache\selenium\chromedriver\win32\103.0.5060.134\chromedriver.exe 
2022-07-27 16:13:53 INFO  [main] CustomTestListener.handleStepStarted:55 - [STEP STARTED]  user is on 'Home Page' 
2022-07-27 16:13:55 INFO  [main] CustomTestListener.handleStepFinished:35 - [STEP PASSED]   user is on 'Home Page' 
2022-07-27 16:13:56 INFO  [main] CustomTestListener.handleCaseFinished:26 - [TEST FINISHED] test 
2022-07-27 16:20:05 INFO  [main] AbstractContextLoader.generateDefaultLocations:264 - Could not detect default resource locations for test class [ui.config.SpringConfig]: no resource found for suffixes {-context.xml, Context.groovy}. 
2022-07-27 16:20:05 INFO  [main] AnnotationConfigContextLoaderUtils.detectDefaultConfigurationClasses:83 - Could not detect default configuration classes for test class [ui.config.SpringConfig]: SpringConfig does not declare any static, non-private, non-final, nested classes annotated with @Configuration. 
2022-07-27 16:24:59 INFO  [main] AbstractTestContextBootstrapper.getDefaultTestExecutionListenerClassNames:245 - Loaded default TestExecutionListener class names from location [META-INF/spring.factories]: [org.springframework.test.context.web.ServletTestExecutionListener, org.springframework.test.context.support.DirtiesContextBeforeModesTestExecutionListener, org.springframework.test.context.support.DependencyInjectionTestExecutionListener, org.springframework.test.context.support.DirtiesContextTestExecutionListener, org.springframework.test.context.transaction.TransactionalTestExecutionListener, org.springframework.test.context.jdbc.SqlScriptsTestExecutionListener, org.springframework.test.context.event.EventPublishingTestExecutionListener] 
2022-07-27 16:24:59 INFO  [main] AbstractTestContextBootstrapper.getTestExecutionListeners:174 - Using TestExecutionListeners: [org.springframework.test.context.support.DirtiesContextBeforeModesTestExecutionListener@5fd62371, org.springframework.test.context.support.DependencyInjectionTestExecutionListener@28a0fd6c, org.springframework.test.context.support.DirtiesContextTestExecutionListener@2b62442c, org.springframework.test.context.event.EventPublishingTestExecutionListener@66629f63] 
2022-07-27 16:24:59 INFO  [main] CustomTestListener.handleCaseStarted:30 - [TEST STARTED]  test 
2022-07-27 16:25:00 INFO  [main] WebDriverManager.resolveDriverVersion:1197 - Using chromedriver 103.0.5060.134 (resolved driver for Chrome 103) 
2022-07-27 16:25:00 INFO  [main] WebDriverManager.exportDriver:1252 - Exporting webdriver.chrome.driver as C:\Users\avartic\.cache\selenium\chromedriver\win32\103.0.5060.134\chromedriver.exe 
2022-07-27 16:25:06 INFO  [main] CustomTestListener.handleStepStarted:55 - [STEP STARTED]  user is on 'Home Page' 
2022-07-27 16:25:09 INFO  [main] CustomTestListener.handleStepFinished:35 - [STEP PASSED]   user is on 'Home Page' 
2022-07-27 16:25:10 INFO  [main] CustomTestListener.handleCaseFinished:26 - [TEST FINISHED] test 
2022-07-27 16:44:13 INFO  [main] AbstractTestContextBootstrapper.getDefaultTestExecutionListenerClassNames:245 - Loaded default TestExecutionListener class names from location [META-INF/spring.factories]: [org.springframework.test.context.web.ServletTestExecutionListener, org.springframework.test.context.support.DirtiesContextBeforeModesTestExecutionListener, org.springframework.test.context.support.DependencyInjectionTestExecutionListener, org.springframework.test.context.support.DirtiesContextTestExecutionListener, org.springframework.test.context.transaction.TransactionalTestExecutionListener, org.springframework.test.context.jdbc.SqlScriptsTestExecutionListener, org.springframework.test.context.event.EventPublishingTestExecutionListener] 
2022-07-27 16:44:13 INFO  [main] AbstractTestContextBootstrapper.getTestExecutionListeners:174 - Using TestExecutionListeners: [org.springframework.test.context.support.DirtiesContextBeforeModesTestExecutionListener@7fcbe147, org.springframework.test.context.support.DependencyInjectionTestExecutionListener@235f4c10, org.springframework.test.context.support.DirtiesContextTestExecutionListener@743cb8e0, org.springframework.test.context.event.EventPublishingTestExecutionListener@c7a975a] 
2022-07-27 16:44:14 INFO  [main] CustomTestListener.handleCaseStarted:30 - [TEST STARTED]  test 
2022-07-27 16:44:15 INFO  [main] WebDriverManager.resolveDriverVersion:1197 - Using chromedriver 103.0.5060.134 (resolved driver for Chrome 103) 
2022-07-27 16:44:15 INFO  [main] WebDriverManager.exportDriver:1252 - Exporting webdriver.chrome.driver as C:\Users\avartic\.cache\selenium\chromedriver\win32\103.0.5060.134\chromedriver.exe 
2022-07-27 16:44:20 INFO  [main] CustomTestListener.handleStepStarted:55 - [STEP STARTED]  user is on 'Home Page' 
2022-07-27 16:44:22 INFO  [main] CustomTestListener.handleStepFinished:35 - [STEP PASSED]   user is on 'Home Page' 
2022-07-27 16:44:24 INFO  [main] CustomTestListener.handleCaseFinished:26 - [TEST FINISHED] test 
